[15:17:09] [ServerMain/WARN]: Invalid registry value type detected for PerfOS counters. Should be REG_DWORD. Ignoring: HKEY_LOCAL_MACHINE\SYSTEM\CurrentControlSet\Services\PerfOS\Performance\Disable Performance Counters.
[15:17:09] [ServerMain/WARN]: Failed to add PDH Counter: \Paging File(_Total)\% Usage, Error code: 0xC0000BB8
[15:17:09] [ServerMain/WARN]: Failed to add counter for PDH counter: \Paging File(_Total)\% Usage
[15:17:09] [ServerMain/INFO]: Disabling further attempts to query Paging File.
[15:17:17] [ServerMain/WARN]: COM exception: Invalid Query: SELECT PERCENTUSAGE FROM Win32_PerfRawData_PerfOS_PagingFile
[15:17:23] [ServerMain/INFO]: Environment: Environment[sessionHost=https://sessionserver.mojang.com, servicesHost=https://api.minecraftservices.com, name=PROD]
[15:17:26] [ServerMain/INFO]: Loaded 1370 recipes
[15:17:26] [ServerMain/INFO]: Loaded 1481 advancements
[15:17:27] [Server thread/INFO]: Starting minecraft server version 1.21.4
[15:17:27] [Server thread/INFO]: Loading properties
[15:17:27] [Server thread/INFO]: Default game type: SURVIVAL
[15:17:27] [Server thread/INFO]: Generating keypair
[15:17:27] [Server console handler/ERROR]: Exception handling console input
java.io.IOException: Неверный дескриптор
	at java.base/java.io.FileInputStream.readBytes(Native Method) ~[?:?]
	at java.base/java.io.FileInputStream.read(FileInputStream.java:287) ~[?:?]
	at java.base/java.io.BufferedInputStream.read1(BufferedInputStream.java:345) ~[?:?]
	at java.base/java.io.BufferedInputStream.implRead(BufferedInputStream.java:420) ~[?:?]
	at java.base/java.io.BufferedInputStream.read(BufferedInputStream.java:399) ~[?:?]
	at java.base/sun.nio.cs.StreamDecoder.readBytes(StreamDecoder.java:329) ~[?:?]
	at java.base/sun.nio.cs.StreamDecoder.implRead(StreamDecoder.java:372) ~[?:?]
	at java.base/sun.nio.cs.StreamDecoder.lockedRead(StreamDecoder.java:215) ~[?:?]
	at java.base/sun.nio.cs.StreamDecoder.read(StreamDecoder.java:169) ~[?:?]
	at java.base/java.io.InputStreamReader.read(InputStreamReader.java:188) ~[?:?]
	at java.base/java.io.BufferedReader.fill(BufferedReader.java:160) ~[?:?]
	at java.base/java.io.BufferedReader.implReadLine(BufferedReader.java:370) ~[?:?]
	at java.base/java.io.BufferedReader.readLine(BufferedReader.java:347) ~[?:?]
	at java.base/java.io.BufferedReader.readLine(BufferedReader.java:436) ~[?:?]
	at apu$1.run(SourceFile:102) [server-1.21.4.jar:?]
[15:17:27] [Server thread/INFO]: Starting Minecraft server on *:25565
[15:17:27] [Server thread/INFO]: Using default channel type
[15:17:27] [Server thread/WARN]: **** SERVER IS RUNNING IN OFFLINE/INSECURE MODE!
[15:17:27] [Server thread/WARN]: The server will make no attempt to authenticate usernames. Beware.
[15:17:27] [Server thread/WARN]: While this makes the game possible to play without internet access, it also opens up the ability for hackers to connect with any username they choose.
[15:17:27] [Server thread/WARN]: To change this, set "online-mode" to "true" in the server.properties file.
[15:17:27] [Server thread/INFO]: Preparing level "world"
[15:17:28] [Server thread/INFO]: Preparing start region for dimension minecraft:overworld
[15:17:29] [Worker-Main-3/INFO]: Preparing spawn area: 0%
[15:17:29] [Worker-Main-3/INFO]: Preparing spawn area: 0%
[15:17:29] [Worker-Main-3/INFO]: Preparing spawn area: 0%
[15:17:29] [Worker-Main-3/INFO]: Preparing spawn area: 0%
[15:17:30] [Server thread/INFO]: Time elapsed: 1888 ms
[15:17:30] [Server thread/INFO]: Done (2.277s)! For help, type "help"
[15:18:30] [Server thread/INFO]: Server empty for 60 seconds, pausing
[15:19:21] [Server thread/INFO]: Ish_Ron[/127.0.0.1:60239] logged in with entity id 4 at (-447.369323434752, 61.0, 5.351233906893224)
[15:19:21] [Server thread/INFO]: Ish_Ron joined the game
[15:59:41] [Server thread/INFO]: Ish_Ron was killed
[15:59:41] [Server thread/INFO]: [Ish_Ron: Killed Ish_Ron]
[16:21:00] [Server thread/INFO]: Stopping the server
[16:21:00] [Server thread/INFO]: Stopping server
[16:21:00] [Server thread/INFO]: Saving players
[16:21:00] [Server thread/INFO]: Saving worlds
[16:21:00] [Server thread/INFO]: Saving chunks for level 'ServerLevel[world]'/minecraft:overworld
[16:21:01] [Server thread/INFO]: Saving chunks for level 'ServerLevel[world]'/minecraft:the_nether
[16:21:01] [Server thread/INFO]: Saving chunks for level 'ServerLevel[world]'/minecraft:the_end
[16:21:01] [Server thread/INFO]: ThreadedAnvilChunkStorage (world): All chunks are saved
[16:21:01] [Server thread/INFO]: ThreadedAnvilChunkStorage (DIM-1): All chunks are saved
[16:21:01] [Server thread/INFO]: ThreadedAnvilChunkStorage (DIM1): All chunks are saved
[16:21:01] [Server thread/INFO]: ThreadedAnvilChunkStorage: All dimensions are saved
