[15:38:02] [ServerMain/WARN]: Invalid registry value type detected for PerfOS counters. Should be REG_DWORD. Ignoring: HKEY_LOCAL_MACHINE\SYSTEM\CurrentControlSet\Services\PerfOS\Performance\Disable Performance Counters.
[15:38:02] [ServerMain/WARN]: Failed to add PDH Counter: \Paging File(_Total)\% Usage, Error code: 0xC0000BB8
[15:38:02] [ServerMain/WARN]: Failed to add counter for PDH counter: \Paging File(_Total)\% Usage
[15:38:02] [ServerMain/INFO]: Disabling further attempts to query Paging File.
[15:38:04] [ServerMain/WARN]: COM exception: Invalid Query: SELECT PERCENTUSAGE FROM Win32_PerfRawData_PerfOS_PagingFile
[15:38:11] [ServerMain/INFO]: Environment: Environment[sessionHost=https://sessionserver.mojang.com, servicesHost=https://api.minecraftservices.com, name=PROD]
[15:38:14] [ServerMain/INFO]: Loaded 1370 recipes
[15:38:14] [ServerMain/INFO]: Loaded 1481 advancements
[15:38:15] [Server thread/INFO]: Starting minecraft server version 1.21.4
[15:38:15] [Server thread/INFO]: Loading properties
[15:38:15] [Server thread/INFO]: Default game type: SURVIVAL
[15:38:15] [Server thread/INFO]: Generating keypair
[15:38:15] [Server console handler/ERROR]: Exception handling console input
java.io.IOException: Неверный дескриптор
	at java.base/java.io.FileInputStream.readBytes(Native Method) ~[?:?]
	at java.base/java.io.FileInputStream.read(FileInputStream.java:287) ~[?:?]
	at java.base/java.io.BufferedInputStream.read1(BufferedInputStream.java:345) ~[?:?]
	at java.base/java.io.BufferedInputStream.implRead(BufferedInputStream.java:420) ~[?:?]
	at java.base/java.io.BufferedInputStream.read(BufferedInputStream.java:399) ~[?:?]
	at java.base/sun.nio.cs.StreamDecoder.readBytes(StreamDecoder.java:329) ~[?:?]
	at java.base/sun.nio.cs.StreamDecoder.implRead(StreamDecoder.java:372) ~[?:?]
	at java.base/sun.nio.cs.StreamDecoder.lockedRead(StreamDecoder.java:215) ~[?:?]
	at java.base/sun.nio.cs.StreamDecoder.read(StreamDecoder.java:169) ~[?:?]
	at java.base/java.io.InputStreamReader.read(InputStreamReader.java:188) ~[?:?]
	at java.base/java.io.BufferedReader.fill(BufferedReader.java:160) ~[?:?]
	at java.base/java.io.BufferedReader.implReadLine(BufferedReader.java:370) ~[?:?]
	at java.base/java.io.BufferedReader.readLine(BufferedReader.java:347) ~[?:?]
	at java.base/java.io.BufferedReader.readLine(BufferedReader.java:436) ~[?:?]
	at apu$1.run(SourceFile:102) [server-1.21.4.jar:?]
[15:38:15] [Server thread/INFO]: Starting Minecraft server on 192.168.0.12:25565
[15:38:15] [Server thread/INFO]: Using default channel type
[15:38:15] [Server thread/WARN]: **** SERVER IS RUNNING IN OFFLINE/INSECURE MODE!
[15:38:15] [Server thread/WARN]: The server will make no attempt to authenticate usernames. Beware.
[15:38:15] [Server thread/WARN]: While this makes the game possible to play without internet access, it also opens up the ability for hackers to connect with any username they choose.
[15:38:15] [Server thread/WARN]: To change this, set "online-mode" to "true" in the server.properties file.
[15:38:15] [Server thread/INFO]: Preparing level "world"
[15:38:16] [Server thread/INFO]: Preparing start region for dimension minecraft:overworld
[15:38:17] [Worker-Main-5/INFO]: Preparing spawn area: 0%
[15:38:17] [Worker-Main-5/INFO]: Preparing spawn area: 0%
[15:38:17] [Worker-Main-5/INFO]: Preparing spawn area: 0%
[15:38:17] [Worker-Main-5/INFO]: Preparing spawn area: 0%
[15:38:17] [Server thread/INFO]: Time elapsed: 1915 ms
[15:38:17] [Server thread/INFO]: Done (2.349s)! For help, type "help"
[15:38:40] [Server thread/INFO]: Ish_Ron[/192.168.0.12:54993] logged in with entity id 13 at (105.5, 68.0, 212.5)
[15:38:40] [Server thread/INFO]: Ish_Ron joined the game
[15:39:28] [Server thread/INFO]: Aisar[/192.168.0.27:15743] logged in with entity id 452 at (119.5, 74.0, 213.5)
[15:39:28] [Server thread/INFO]: Aisar joined the game
[15:41:00] [Server thread/INFO]: Ish_Ron has made the advancement [Stone Age]
[15:41:44] [Server thread/INFO]: Ish_Ron has made the advancement [Getting an Upgrade]
[15:43:03] [Server thread/INFO]: Made Aisar a server operator
[15:43:04] [Server thread/INFO]: Aisar has made the advancement [Stone Age]
[15:43:07] [Server thread/INFO]: Made Ish_Ron a server operator
[15:43:19] [Server thread/INFO]: Aisar has made the advancement [Getting an Upgrade]
[15:52:10] [Server thread/INFO]: Aisar has made the advancement [Monster Hunter]
[15:52:11] [Server thread/INFO]: Aisar was slain by Zombie
[15:53:11] [Server thread/INFO]: Aisar was slain by Zombie
[15:59:50] [Server thread/INFO]: Ish_Ron lost connection: Disconnected
[15:59:50] [Server thread/INFO]: Ish_Ron left the game
[16:00:03] [Server thread/INFO]: Stopping the server
[16:00:03] [Server thread/INFO]: Stopping server
[16:00:03] [Server thread/INFO]: Saving players
[16:00:03] [Server thread/INFO]: Aisar lost connection: Server closed
[16:00:03] [Server thread/INFO]: Aisar left the game
[16:00:03] [Server thread/INFO]: Saving worlds
[16:00:03] [Server thread/INFO]: Saving chunks for level 'ServerLevel[world]'/minecraft:overworld
[16:00:05] [Server thread/INFO]: Saving chunks for level 'ServerLevel[world]'/minecraft:the_nether
[16:00:05] [Server thread/INFO]: Saving chunks for level 'ServerLevel[world]'/minecraft:the_end
[16:00:05] [Server thread/INFO]: ThreadedAnvilChunkStorage (world): All chunks are saved
[16:00:05] [Server thread/INFO]: ThreadedAnvilChunkStorage (DIM-1): All chunks are saved
[16:00:05] [Server thread/INFO]: ThreadedAnvilChunkStorage (DIM1): All chunks are saved
[16:00:05] [Server thread/INFO]: ThreadedAnvilChunkStorage: All dimensions are saved
